<?xml version="1.0" encoding="UTF-8"?>
<testng-results ignored="0" total="4" passed="4" failed="0" skipped="0">
  <reporter-output>
  </reporter-output>
  <suite started-at="2024-04-02T10:33:43 IST" name="Default suite" finished-at="2024-04-02T10:34:24 IST" duration-ms="41182">
    <groups>
      <group name="cucumber">
        <method signature="AbstractTestNGCucumberTests.runScenario(io.cucumber.testng.PickleWrapper,io.cucumber.testng.FeatureWrapper)[pri:0, instance:Runner2.Runner4@231f98ef]" name="runScenario" class="io.cucumber.testng.AbstractTestNGCucumberTests"/>
      </group> <!-- cucumber -->
    </groups>
    <test started-at="2024-04-02T10:33:43 IST" name="Default test" finished-at="2024-04-02T10:34:24 IST" duration-ms="41182">
      <class name="Runner2.Runner4">
        <test-method is-config="true" signature="setUpClass(org.testng.ITestContext)[pri:0, instance:Runner2.Runner4@231f98ef]" started-at="2024-04-02T10:33:43 IST" name="setUpClass" finished-at="2024-04-02T10:33:43 IST" duration-ms="181" status="PASS">
          <params>
            <param index="0">
              <value>
                <![CDATA[org.testng.TestRunner@77eb5790]]>
              </value>
            </param>
          </params>
          <reporter-output>
          </reporter-output>
        </test-method> <!-- setUpClass -->
        <test-method signature="runScenario(io.cucumber.testng.PickleWrapper,io.cucumber.testng.FeatureWrapper)[pri:0, instance:Runner2.Runner4@231f98ef]" started-at="2024-04-02T10:33:43 IST" name="runScenario" description="Runs Cucumber Scenarios" data-provider="scenarios" finished-at="2024-04-02T10:33:54 IST" duration-ms="11101" status="PASS">
          <params>
            <param index="0">
              <value>
                <![CDATA["Plan in More"]]>
              </value>
            </param>
            <param index="1">
              <value>
                <![CDATA["More in Ixigo Website"]]>
              </value>
            </param>
          </params>
          <reporter-output>
          </reporter-output>
        </test-method> <!-- runScenario -->
        <test-method signature="runScenario(io.cucumber.testng.PickleWrapper,io.cucumber.testng.FeatureWrapper)[pri:0, instance:Runner2.Runner4@231f98ef]" started-at="2024-04-02T10:33:54 IST" name="runScenario" description="Runs Cucumber Scenarios" data-provider="scenarios" finished-at="2024-04-02T10:34:05 IST" duration-ms="10960" status="PASS">
          <params>
            <param index="0">
              <value>
                <![CDATA["Group Booking in More"]]>
              </value>
            </param>
            <param index="1">
              <value>
                <![CDATA["More in Ixigo Website"]]>
              </value>
            </param>
          </params>
          <reporter-output>
          </reporter-output>
        </test-method> <!-- runScenario -->
        <test-method signature="runScenario(io.cucumber.testng.PickleWrapper,io.cucumber.testng.FeatureWrapper)[pri:0, instance:Runner2.Runner4@231f98ef]" started-at="2024-04-02T10:34:05 IST" name="runScenario" description="Runs Cucumber Scenarios" data-provider="scenarios" finished-at="2024-04-02T10:34:16 IST" duration-ms="11063" status="PASS">
          <params>
            <param index="0">
              <value>
                <![CDATA["Book Visa in More"]]>
              </value>
            </param>
            <param index="1">
              <value>
                <![CDATA["More in Ixigo Website"]]>
              </value>
            </param>
          </params>
          <reporter-output>
          </reporter-output>
        </test-method> <!-- runScenario -->
        <test-method signature="runScenario(io.cucumber.testng.PickleWrapper,io.cucumber.testng.FeatureWrapper)[pri:0, instance:Runner2.Runner4@231f98ef]" started-at="2024-04-02T10:34:16 IST" name="runScenario" description="Runs Cucumber Scenarios" data-provider="scenarios" finished-at="2024-04-02T10:34:24 IST" duration-ms="7806" status="PASS">
          <params>
            <param index="0">
              <value>
                <![CDATA["Customer Service Page"]]>
              </value>
            </param>
            <param index="1">
              <value>
                <![CDATA["More in Ixigo Website"]]>
              </value>
            </param>
          </params>
          <reporter-output>
          </reporter-output>
        </test-method> <!-- runScenario -->
        <test-method is-config="true" signature="tearDownClass()[pri:0, instance:Runner2.Runner4@231f98ef]" started-at="2024-04-02T10:34:24 IST" name="tearDownClass" finished-at="2024-04-02T10:34:24 IST" duration-ms="23" status="PASS">
          <reporter-output>
          </reporter-output>
        </test-method> <!-- tearDownClass -->
      </class> <!-- Runner2.Runner4 -->
    </test> <!-- Default test -->
  </suite> <!-- Default suite -->
</testng-results>
